[0.000000] (-) TimerEvent: {}
[0.000504] (wheel_rpm_pipeline) JobQueued: {'identifier': 'wheel_rpm_pipeline', 'dependencies': OrderedDict()}
[0.001088] (wheel_rpm_pipeline) JobStarted: {'identifier': 'wheel_rpm_pipeline'}
[0.011251] (wheel_rpm_pipeline) JobProgress: {'identifier': 'wheel_rpm_pipeline', 'progress': 'cmake'}
[0.011963] (wheel_rpm_pipeline) JobProgress: {'identifier': 'wheel_rpm_pipeline', 'progress': 'build'}
[0.012855] (wheel_rpm_pipeline) Command: {'cmd': ['/usr/bin/cmake', '--build', '/home/ros_master/mukus_robotics/build/wheel_rpm_pipeline', '--', '-j8', '-l8'], 'cwd': '/home/ros_master/mukus_robotics/build/wheel_rpm_pipeline', 'env': OrderedDict([('GJS_DEBUG_TOPICS', 'JS ERROR;JS LOG'), ('LESSOPEN', '| /usr/bin/lesspipe %s'), ('VSCODE_CWD', '/home/ros_master'), ('VSCODE_ESM_ENTRYPOINT', 'vs/workbench/api/node/extensionHostProcess'), ('LANGUAGE', 'en_IN:en'), ('USER', 'ros_master'), ('VSCODE_NLS_CONFIG', '{"userLocale":"en-gb","osLocale":"en-in","resolvedLanguage":"en","defaultMessagesFile":"/usr/share/cursor/resources/app/out/nls.messages.json","locale":"en-gb","availableLanguages":{}}'), ('VSCODE_HANDLES_UNCAUGHT_ERRORS', 'true'), ('XDG_SESSION_TYPE', 'wayland'), ('SHLVL', '0'), ('LD_LIBRARY_PATH', ':/usr/lib/nvidia-470:/usr/lib/nvidia-470'), ('HOME', '/home/ros_master'), ('CHROME_DESKTOP', 'cursor.desktop'), ('OLDPWD', '/home/ros_master/mukus_robotics'), ('DESKTOP_SESSION', 'ubuntu'), ('VSCODE_IPC_HOOK', '/run/user/1000/vscode-7235e77c-2.1.-main.sock'), ('GIO_LAUNCHED_DESKTOP_FILE', '/usr/share/applications/cursor.desktop'), ('GNOME_SHELL_SESSION_MODE', 'ubuntu'), ('GTK_MODULES', 'gail:atk-bridge'), ('MANAGERPID', '1054'), ('SYSTEMD_EXEC_PID', '1550'), ('IM_CONFIG_CHECK_ENV', '1'), ('NO_COLOR', '1'), ('DBUS_SESSION_BUS_ADDRESS', 'unix:path=/run/user/1000/bus'), ('GIO_LAUNCHED_DESKTOP_FILE_PID', '14389'), ('_colcon_cd_root', '/opt/ros/humble/'), ('VSCODE_CRASH_REPORTER_PROCESS_TYPE', 'extensionHost'), ('IM_CONFIG_PHASE', '1'), ('WAYLAND_DISPLAY', 'wayland-0'), ('VSCODE_L10N_BUNDLE_LOCATION', ''), ('LOGNAME', 'ros_master'), ('FORCE_COLOR', '0'), ('JOURNAL_STREAM', '8:14059'), ('_', '/usr/bin/colcon'), ('XDG_SESSION_CLASS', 'user'), ('USERNAME', 'ros_master'), ('TERM', 'dumb'), ('GNOME_DESKTOP_SESSION_ID', 'this-is-deprecated'), ('COMPOSER_NO_INTERACTION', '1'), ('PATH', '/home/ros_master/miniconda3/bin:/usr/local/cuda/bin:/home/ros_master/miniconda3/bin:/usr/local/cuda/bin:/usr/local/sbin:/usr/local/bin:/usr/sbin:/usr/bin:/sbin:/bin:/usr/games:/usr/local/games:/snap/bin:/snap/bin:/home/ros_master/bt_project/Groot/build:/home/ros_master/bt_project/Groot/build'), ('SESSION_MANAGER', 'local/roboros:@/tmp/.ICE-unix/1458,unix/roboros:/tmp/.ICE-unix/1458'), ('INVOCATION_ID', '1130d02634d048caa29d5a2473507f26'), ('XDG_MENU_PREFIX', 'gnome-'), ('VSCODE_PROCESS_TITLE', 'extension-host  [1-1]'), ('GNOME_SETUP_DISPLAY', ':1'), ('XDG_RUNTIME_DIR', '/run/user/1000'), ('GDK_BACKEND', 'x11'), ('CURSOR_AGENT', '1'), ('DISPLAY', ':0'), ('LANG', 'en_US.UTF-8'), ('XDG_CURRENT_DESKTOP', 'Unity'), ('XMODIFIERS', '@im=ibus'), ('XDG_SESSION_DESKTOP', 'ubuntu'), ('XAUTHORITY', '/run/user/1000/.mutter-Xwaylandauth.PLDCH3'), ('LS_COLORS', ''), ('CURSOR_TRACE_ID', 'af8af80194ef422e9d16d34f870d3568'), ('SSH_AGENT_LAUNCHER', 'gnome-keyring'), ('SSH_AUTH_SOCK', '/run/user/1000/keyring/ssh'), ('ORIGINAL_XDG_CURRENT_DESKTOP', 'ubuntu:GNOME'), ('SHELL', '/bin/bash'), ('QT_ACCESSIBILITY', '1'), ('GDMSESSION', 'ubuntu'), ('LESSCLOSE', '/usr/bin/lesspipe %s %s'), ('GJS_DEBUG_OUTPUT', 'stderr'), ('QT_IM_MODULE', 'ibus'), ('PWD', '/home/ros_master/mukus_robotics/build/wheel_rpm_pipeline'), ('LC_ALL', 'en_US.UTF-8'), ('XDG_CONFIG_DIRS', '/etc/xdg/xdg-ubuntu:/etc/xdg'), ('VSCODE_CODE_CACHE_PATH', '/home/ros_master/.config/Cursor/CachedData/60d42bed27e5775c43ec0428d8c653c49e58e260'), ('XDG_DATA_DIRS', '/usr/share/ubuntu:/usr/local/share/:/usr/share/:/var/lib/snapd/desktop'), ('COLCON', '1'), ('_ZO_DOCTOR', '0'), ('VSCODE_PID', '14389')]), 'shell': False}
[0.053439] (wheel_rpm_pipeline) StdoutLine: {'line': b'-- Found ament_cmake: 1.3.12 (/opt/ros/humble/share/ament_cmake/cmake)\n'}
[0.099465] (-) TimerEvent: {}
[0.199684] (-) TimerEvent: {}
[0.247340] (wheel_rpm_pipeline) StderrLine: {'line': b'Traceback (most recent call last):\n'}
[0.247870] (wheel_rpm_pipeline) StderrLine: {'line': b'  File "/opt/ros/humble/share/ament_cmake_core/cmake/package_templates/templates_2_cmake.py", line 21, in <module>\n'}
[0.248122] (wheel_rpm_pipeline) StderrLine: {'line': b'    from ament_package.templates import get_environment_hook_template_path\n'}
[0.248351] (wheel_rpm_pipeline) StderrLine: {'line': b"ModuleNotFoundError: No module named 'ament_package'\n"}
[0.275379] (wheel_rpm_pipeline) StderrLine: {'line': b'CMake Error at /opt/ros/humble/share/ament_cmake_core/cmake/ament_cmake_package_templates-extras.cmake:41 (message):\n'}
[0.275975] (wheel_rpm_pipeline) StderrLine: {'line': b'  execute_process(/usr/bin/python3\n'}
[0.276225] (wheel_rpm_pipeline) StderrLine: {'line': b'  /opt/ros/humble/share/ament_cmake_core/cmake/package_templates/templates_2_cmake.py\n'}
[0.276492] (wheel_rpm_pipeline) StderrLine: {'line': b'  /home/ros_master/mukus_robotics/build/wheel_rpm_pipeline/ament_cmake_package_templates/templates.cmake)\n'}
[0.276737] (wheel_rpm_pipeline) StderrLine: {'line': b'  returned error code 1\n'}
[0.276954] (wheel_rpm_pipeline) StderrLine: {'line': b'Call Stack (most recent call first):\n'}
[0.277171] (wheel_rpm_pipeline) StderrLine: {'line': b'  /opt/ros/humble/share/ament_cmake_core/cmake/ament_cmake_coreConfig.cmake:41 (include)\n'}
[0.277411] (wheel_rpm_pipeline) StderrLine: {'line': b'  /opt/ros/humble/share/ament_cmake/cmake/ament_cmake_export_dependencies-extras.cmake:15 (find_package)\n'}
[0.277666] (wheel_rpm_pipeline) StderrLine: {'line': b'  /opt/ros/humble/share/ament_cmake/cmake/ament_cmakeConfig.cmake:41 (include)\n'}
[0.277888] (wheel_rpm_pipeline) StderrLine: {'line': b'  CMakeLists.txt:7 (find_package)\n'}
[0.278095] (wheel_rpm_pipeline) StderrLine: {'line': b'\n'}
[0.278307] (wheel_rpm_pipeline) StderrLine: {'line': b'\n'}
[0.278562] (wheel_rpm_pipeline) StdoutLine: {'line': b'-- Configuring incomplete, errors occurred!\n'}
[0.278795] (wheel_rpm_pipeline) StdoutLine: {'line': b'See also "/home/ros_master/mukus_robotics/build/wheel_rpm_pipeline/CMakeFiles/CMakeOutput.log".\n'}
[0.281586] (wheel_rpm_pipeline) StderrLine: {'line': b'gmake: *** [Makefile:308: cmake_check_build_system] Error 1\n'}
[0.286482] (wheel_rpm_pipeline) CommandEnded: {'returncode': 2}
[0.300676] (-) TimerEvent: {}
[0.310692] (wheel_rpm_pipeline) JobEnded: {'identifier': 'wheel_rpm_pipeline', 'rc': 2}
[0.322064] (-) EventReactorShutdown: {}
