[0.022s] Invoking command in '/home/ros_master/mukus_robotics/build/wheel_rpm_pipeline': /usr/bin/cmake --build /home/ros_master/mukus_robotics/build/wheel_rpm_pipeline -- -j8 -l8
[0.074s] -- Found ament_cmake: 1.3.12 (/opt/ros/humble/share/ament_cmake/cmake)
[0.999s] Traceback (most recent call last):
[0.999s]   File "/opt/ros/humble/share/ament_cmake_core/cmake/package_templates/templates_2_cmake.py", line 21, in <module>
[0.999s]     from ament_package.templates import get_environment_hook_template_path
[1.000s] ModuleNotFoundError: No module named 'ament_package'
[1.041s] [31mCMake Error at /opt/ros/humble/share/ament_cmake_core/cmake/ament_cmake_package_templates-extras.cmake:41 (message):
[1.041s]   execute_process(/usr/bin/python3
[1.042s]   /opt/ros/humble/share/ament_cmake_core/cmake/package_templates/templates_2_cmake.py
[1.042s]   /home/ros_master/mukus_robotics/build/wheel_rpm_pipeline/ament_cmake_package_templates/templates.cmake)
[1.042s]   returned error code 1
[1.042s] Call Stack (most recent call first):
[1.042s]   /opt/ros/humble/share/ament_cmake_core/cmake/ament_cmake_coreConfig.cmake:41 (include)
[1.043s]   /opt/ros/humble/share/ament_cmake/cmake/ament_cmake_export_dependencies-extras.cmake:15 (find_package)
[1.043s]   /opt/ros/humble/share/ament_cmake/cmake/ament_cmakeConfig.cmake:41 (include)
[1.043s]   CMakeLists.txt:7 (find_package)
[1.043s] 
[1.043s] [0m
[1.044s] -- Configuring incomplete, errors occurred!
[1.044s] See also "/home/ros_master/mukus_robotics/build/wheel_rpm_pipeline/CMakeFiles/CMakeOutput.log".
[1.053s] gmake: *** [Makefile:308: cmake_check_build_system] Error 1
[1.059s] Invoked command in '/home/ros_master/mukus_robotics/build/wheel_rpm_pipeline' returned '2': /usr/bin/cmake --build /home/ros_master/mukus_robotics/build/wheel_rpm_pipeline -- -j8 -l8
