[0.014s] Invoking command in '/home/ros_master/mukus_robotics/build/wheel_rpm_pipeline': /usr/bin/cmake --build /home/ros_master/mukus_robotics/build/wheel_rpm_pipeline -- -j8 -l8
[0.052s] -- Found ament_cmake: 1.3.12 (/opt/ros/humble/share/ament_cmake/cmake)
[0.246s] Traceback (most recent call last):
[0.246s]   File "/opt/ros/humble/share/ament_cmake_core/cmake/package_templates/templates_2_cmake.py", line 21, in <module>
[0.247s]     from ament_package.templates import get_environment_hook_template_path
[0.247s] ModuleNotFoundError: No module named 'ament_package'
[0.274s] CMake Error at /opt/ros/humble/share/ament_cmake_core/cmake/ament_cmake_package_templates-extras.cmake:41 (message):
[0.275s]   execute_process(/usr/bin/python3
[0.275s]   /opt/ros/humble/share/ament_cmake_core/cmake/package_templates/templates_2_cmake.py
[0.275s]   /home/ros_master/mukus_robotics/build/wheel_rpm_pipeline/ament_cmake_package_templates/templates.cmake)
[0.275s]   returned error code 1
[0.276s] Call Stack (most recent call first):
[0.276s]   /opt/ros/humble/share/ament_cmake_core/cmake/ament_cmake_coreConfig.cmake:41 (include)
[0.276s]   /opt/ros/humble/share/ament_cmake/cmake/ament_cmake_export_dependencies-extras.cmake:15 (find_package)
[0.276s]   /opt/ros/humble/share/ament_cmake/cmake/ament_cmakeConfig.cmake:41 (include)
[0.276s]   CMakeLists.txt:7 (find_package)
[0.277s] 
[0.277s] 
[0.277s] -- Configuring incomplete, errors occurred!
[0.277s] See also "/home/ros_master/mukus_robotics/build/wheel_rpm_pipeline/CMakeFiles/CMakeOutput.log".
[0.280s] gmake: *** [Makefile:308: cmake_check_build_system] Error 1
[0.285s] Invoked command in '/home/ros_master/mukus_robotics/build/wheel_rpm_pipeline' returned '2': /usr/bin/cmake --build /home/ros_master/mukus_robotics/build/wheel_rpm_pipeline -- -j8 -l8
